[LOG] System::create                           : Header version = 2.01.11. Current version = 2.01.11.
[LOG] Manager::init                            : maxchannels = 256 studioflags = 00000006 flags 00000000 extradriverdata 0000000000000000.
[LOG] SystemI::init                            : Initialize version=20111 (118066), maxchannels=256, flags=0x00020000
[LOG] SystemI::setOutputInternal               : Setting output to 'FMOD WASAPI Output'
[LOG] OutputWASAPI::init                       : Mix Format (WAVEFORMATEX): wFormatTag=0xFFFE, nChannels=2, nSamplesPerSec=44100, nAvgBytesPerSec=352800, nBlockAlign=8, wBitsPerSample=32, cbSize=22.
[LOG] OutputWASAPI::init                       : Mix Format (WAVEFORMATEXTENSIBLE): wValidBitsPerSample=32, dwChannelMask=0x00000003, SubFormat=00000003-0000-0010-8000-00AA00389B71.
[LOG] OutputWASAPI::init                       : Output buffer size: 3760 samples, latency: 0.00ms, period: 10.00ms, DSP buffer: 1024 * 4
[LOG] SystemI::init                            : Output requires a sample rate of 44100Hz, resampling will occur.
[LOG] Thread::initThread                       : Init FMOD stream thread. Affinity: 0x8000000000000003, Priority: 0xFFFF7FFB, Stack Size: 98304, Semaphore: No, Sleep Time: 10, Looping: Yes.
[LOG] Thread::initThread                       : Init FMOD mixer thread. Affinity: 0x8000000000000001, Priority: 0xFFFF7FFA, Stack Size: 81920, Semaphore: No, Sleep Time: 0, Looping: Yes.
[LOG] AsyncManager::init                       : manager 000001D9E4797E18 isAsync 0 updatePeriod 0.02
[LOG] AsyncManager::init                       : done
[LOG] PlaybackSystem::init                     : 
[LOG] Thread::initThread                       : Init FMOD Studio sample load thread. Affinity: 0x8000000000000003, Priority: 0xFFFF7FFD, Stack Size: 98304, Semaphore: No, Sleep Time: 1, Looping: No.
[LOG] PlaybackSystem::init                     : done
[LOG] Thread::initThread                       : Init FMOD Studio bank load thread. Affinity: 0x8000000000000003, Priority: 0xFFFF7FFD, Stack Size: 98304, Semaphore: No, Sleep Time: 1, Looping: No.
[LOG] Manager::init                            : done.
[LOG] Manager::readBank                        : fileversion = 135, compatVersion = 132 (oldest = 44, newest = 135)
[LOG] Manager::readBank                        : fileversion = 135, compatVersion = 132 (oldest = 44, newest = 135)
[LOG] Manager::readBank                        : fileversion = 135, compatVersion = 132 (oldest = 44, newest = 135)
[LOG] PluginEffectModel::init                  : Missing DSP plugin 'Steam Audio Spatializer'
[LOG] PostLoad::initPluginEffects              : Creating stub DSP plugin model and continuing.
[LOG] PluginEffectModel::init                  : Missing DSP plugin 'Steam Audio Mixer Return'
[LOG] PostLoad::initPluginEffects              : Creating stub DSP plugin model and continuing.
[LOG] PluginEffectModel::init                  : Missing DSP plugin 'Steam Audio Spatializer'
[LOG] PostLoad::initPluginEffects              : Creating stub DSP plugin model and continuing.
[LOG] PluginEffectModel::init                  : Missing DSP plugin 'Steam Audio Spatializer'
[LOG] PostLoad::initPluginEffects              : Creating stub DSP plugin model and continuing.
[LOG] PluginEffectModel::init                  : Missing DSP plugin 'Steam Audio Spatializer'
[LOG] PostLoad::initPluginEffects              : Creating stub DSP plugin model and continuing.
[LOG] PlaybackSystem::acquireMasterBus         : Setting master channel group format to 6
[LOG] SystemI::createSound                     : filename = fmod_proj/Occlusion_steam/Build/Desktop/Master.bank : mode 02010082
[LOG] SystemI::createSound                     : FMOD_NONBLOCKING specified.  Putting into queue to be opened asynchronously!
[LOG] SystemI::createSound                     : setdata soundi = 000001D9E56251D8 : node = 000001D9E11B6CD0
[LOG] SystemI::createSound                     : add node to async list : head = 000001D9E4DE02C8.  list count = 0
[LOG] AsyncThread::threadFunc                  : Starting Asynchronous operation on sound 000001D9E56251D8
[LOG] SystemI::createSoundInternal             :     Create name='fmod_proj/Occlusion_steam/Build/Desktop/Master.bank', mode=0x02010082
[LOG] SystemI::createSoundInternal             :     exinfo->cbsize             = 224
[LOG] SystemI::createSoundInternal             :     exinfo->length             = 3831200
[LOG] SystemI::createSoundInternal             :     exinfo->fileoffset         = 12608
[LOG] SystemI::createSoundInternal             :     exinfo->numsubsounds       = 1
[LOG] SystemI::createSoundInternal             :     exinfo->inclusionlist      = 000001D9E11B6DE0
[LOG] SystemI::createSoundInternal             :     exinfo->inclusionlistnum   = 1
[LOG] SystemI::createSoundInternal             :     exinfo->suggestedsoundtype = 5
[LOG] SystemI::createSoundInternal             :     exinfo->initialseekpostype = 1
[LOG] SystemI::createSoundInternal             :     Stream 0/1: name='Env_Drone', format=5, channels=2, frequency=48000, lengthbytes=184032, lengthpcm=629457, pcmblocksize=0, loopstart=0, loopend=0, mode=0x00000000, channelmask=0x00000000, channelorder=0, peakvolume=0.224976.
[LOG] AsyncThread::threadFunc                  : Finished Asynchronous operation on sound 000001D9E56251D8
[LOG] SoundI::release                          : Env_Drone (000001D9E5623528)
[LOG] SoundI::release                          :     Env_Drone (000001D9DA0942E8)
[LOG] SoundI::release                          :     Env_Drone (000001D9E561CE38)
[LOG] SystemI::createSound                     : filename = fmod_proj/Occlusion_steam/Build/Desktop/Master.bank : mode 02010082
[LOG] SystemI::createSound                     : FMOD_NONBLOCKING specified.  Putting into queue to be opened asynchronously!
[LOG] SystemI::createSound                     : setdata soundi = 000001D9E5621D88 : node = 000001D9DD7B7B90
[LOG] SystemI::createSound                     : add node to async list : head = 000001D9E4DE02C8.  list count = 0
[LOG] AsyncThread::threadFunc                  : Starting Asynchronous operation on sound 000001D9E5621D88
[LOG] SystemI::createSoundInternal             :     Create name='fmod_proj/Occlusion_steam/Build/Desktop/Master.bank', mode=0x02010082
[LOG] SystemI::createSoundInternal             :     exinfo->cbsize             = 224
[LOG] SystemI::createSoundInternal             :     exinfo->length             = 3831200
[LOG] SystemI::createSoundInternal             :     exinfo->fileoffset         = 12608
[LOG] SystemI::createSoundInternal             :     exinfo->numsubsounds       = 1
[LOG] SystemI::createSoundInternal             :     exinfo->inclusionlist      = 000001D9DD7B7CA0
[LOG] SystemI::createSoundInternal             :     exinfo->inclusionlistnum   = 1
[LOG] SystemI::createSoundInternal             :     exinfo->suggestedsoundtype = 5
[LOG] SystemI::createSoundInternal             :     exinfo->initialseekpostype = 1
[LOG] SystemI::createSoundInternal             :     Stream 0/1: name='Env_Drone', format=5, channels=2, frequency=48000, lengthbytes=184032, lengthpcm=629457, pcmblocksize=0, loopstart=0, loopend=0, mode=0x00000000, channelmask=0x00000000, channelorder=0, peakvolume=0.224976.
[LOG] AsyncThread::threadFunc                  : Finished Asynchronous operation on sound 000001D9E5621D88
[LOG] SoundI::release                          : Env_Drone (000001D9E56251D8)
[LOG] SoundI::release                          :     Env_Drone (000001D9E0A052B8)
[LOG] SoundI::release                          :     Env_Drone (000001D9E5624B18)
[LOG] SystemI::createSound                     : filename = fmod_proj/Occlusion_steam/Build/Desktop/Master.bank : mode 02010082
[LOG] SystemI::createSound                     : FMOD_NONBLOCKING specified.  Putting into queue to be opened asynchronously!
[LOG] SystemI::createSound                     : setdata soundi = 000001D9E56251D8 : node = 000001DAF1C18820
[LOG] SystemI::createSound                     : add node to async list : head = 000001D9E4DE02C8.  list count = 0
[LOG] AsyncThread::threadFunc                  : Starting Asynchronous operation on sound 000001D9E56251D8
[LOG] SystemI::createSound                     : filename = fmod_proj/Occlusion_steam/Build/Desktop/Master.bank : mode 02010082
[LOG] SystemI::createSoundInternal             :     Create name='fmod_proj/Occlusion_steam/Build/Desktop/Master.bank', mode=0x02010082
[LOG] SystemI::createSoundInternal             :     exinfo->cbsize             = 224
[LOG] SystemI::createSound                     :     FMOD_NONBLOCKING specified.  Putting into queue to be opened asynchronously!
[LOG] SystemI::createSoundInternal             :     exinfo->length             = 3831200
[LOG] SystemI::createSound                     :     setdata soundi = 000001D9E5624CC8 : node = 000001DAF1C185A0
[LOG] SystemI::createSoundInternal             :     exinfo->fileoffset         = 12608
[LOG] SystemI::createSound                     :     add node to async list : head = 000001D9E4DE02C8.  list count = 0
[LOG] SystemI::createSoundInternal             :     exinfo->numsubsounds       = 1
[LOG] SystemI::createSoundInternal             :     exinfo->inclusionlist      = 000001DAF1C18930
[LOG] SystemI::createSoundInternal             :     exinfo->inclusionlistnum   = 1
[LOG] SystemI::createSoundInternal             :     exinfo->suggestedsoundtype = 5
[LOG] SystemI::createSoundInternal             :     exinfo->initialseekpostype = 1
[LOG] SystemI::createSoundInternal             :     Stream 0/1: name='ambiance_ship_loops_04', format=5, channels=2, frequency=48000, lengthbytes=152576, lengthpcm=1371454, pcmblocksize=0, loopstart=0, loopend=0, mode=0x00000000, channelmask=0x00000000, channelorder=0, peakvolume=0.559021.
[LOG] AsyncThread::threadFunc                  : Finished Asynchronous operation on sound 000001D9E56251D8
[LOG] AsyncThread::threadFunc                  : Starting Asynchronous operation on sound 000001D9E5624CC8
[LOG] SystemI::createSoundInternal             :     Create name='fmod_proj/Occlusion_steam/Build/Desktop/Master.bank', mode=0x02010082
[LOG] SystemI::createSoundInternal             :     exinfo->cbsize             = 224
[LOG] SystemI::createSoundInternal             :     exinfo->length             = 3831200
[LOG] SystemI::createSoundInternal             :     exinfo->fileoffset         = 12608
[LOG] SystemI::createSoundInternal             :     exinfo->numsubsounds       = 1
[LOG] SystemI::createSoundInternal             :     exinfo->inclusionlist      = 000001DAF1C186B0
[LOG] SystemI::createSoundInternal             :     exinfo->inclusionlistnum   = 1
[LOG] SystemI::createSoundInternal             :     exinfo->suggestedsoundtype = 5
[LOG] SystemI::createSoundInternal             :     exinfo->initialseekpostype = 1
[LOG] SystemI::createSoundInternal             :     Stream 0/1: name='ambiance_ship_loops_04', format=5, channels=2, frequency=48000, lengthbytes=152576, lengthpcm=1371454, pcmblocksize=0, loopstart=0, loopend=0, mode=0x00000000, channelmask=0x00000000, channelorder=0, peakvolume=0.559021.
[LOG] AsyncThread::threadFunc                  : Finished Asynchronous operation on sound 000001D9E5624CC8
[LOG] SoundI::release                          : ambiance_ship_loops_04 (000001D9E56211B8)
[LOG] SoundI::release                          :     ambiance_ship_loops_04 (000001DAF2E49088)
[LOG] SoundI::release                          :     ambiance_ship_loops_04 (000001D9E5622E68)
[LOG] SoundI::release                          : ambiance_ship_loops_04 (000001D9E56205E8)
[LOG] SoundI::release                          :     ambiance_ship_loops_04 (000001DAF2E49BE8)
[LOG] SoundI::release                          :     ambiance_ship_loops_04 (000001D9E5622298)
[LOG] SystemI::createSound                     : filename = fmod_proj/Occlusion_steam/Build/Desktop/Master.bank : mode 02010082
[LOG] SystemI::createSound                     : FMOD_NONBLOCKING specified.  Putting into queue to be opened asynchronously!
[LOG] SystemI::createSound                     : setdata soundi = 000001D9E5618908 : node = 000001DAF1C18320
[LOG] SystemI::createSound                     : add node to async list : head = 000001D9E4DE02C8.  list count = 0
[LOG] AsyncThread::threadFunc                  : Starting Asynchronous operation on sound 000001D9E5618908
[LOG] SystemI::createSoundInternal             :     Create name='fmod_proj/Occlusion_steam/Build/Desktop/Master.bank', mode=0x02010082
[LOG] SystemI::createSoundInternal             :     exinfo->cbsize             = 224
[LOG] SystemI::createSoundInternal             :     exinfo->length             = 3831200
[LOG] SystemI::createSoundInternal             :     exinfo->fileoffset         = 12608
[LOG] SystemI::createSoundInternal             :     exinfo->numsubsounds       = 1
[LOG] SystemI::createSoundInternal             :     exinfo->inclusionlist      = 000001DAF1C18430
[LOG] SystemI::createSoundInternal             :     exinfo->inclusionlistnum   = 1
[LOG] SystemI::createSoundInternal             :     exinfo->suggestedsoundtype = 5
[LOG] SystemI::createSoundInternal             :     exinfo->initialseekpostype = 1
[LOG] SystemI::createSoundInternal             :     Stream 0/1: name='Env_Drone', format=5, channels=2, frequency=48000, lengthbytes=184032, lengthpcm=629457, pcmblocksize=0, loopstart=0, loopend=0, mode=0x00000000, channelmask=0x00000000, channelorder=0, peakvolume=0.224976.
[LOG] AsyncThread::threadFunc                  : Finished Asynchronous operation on sound 000001D9E5618908
[LOG] SoundI::release                          : Env_Drone (000001D9E5621D88)
[LOG] SoundI::release                          :     Env_Drone (000001DAF2134718)
[LOG] SoundI::release                          :     Env_Drone (000001D9E5623018)
[LOG] SystemI::createSound                     : filename = fmod_proj/Occlusion_steam/Build/Desktop/Master.bank : mode 02010082
[LOG] SystemI::createSound                     : FMOD_NONBLOCKING specified.  Putting into queue to be opened asynchronously!
[LOG] SystemI::createSound                     : setdata soundi = 000001D9E5620E58 : node = 000001DAF1C18960
[LOG] SystemI::createSound                     : add node to async list : head = 000001D9E4DE02C8.  list count = 0
[LOG] AsyncThread::threadFunc                  : Starting Asynchronous operation on sound 000001D9E5620E58
[LOG] SystemI::createSoundInternal             :     Create name='fmod_proj/Occlusion_steam/Build/Desktop/Master.bank', mode=0x02010082
[LOG] SystemI::createSoundInternal             :     exinfo->cbsize             = 224
[LOG] SystemI::createSoundInternal             :     exinfo->length             = 3831200
[LOG] SystemI::createSoundInternal             :     exinfo->fileoffset         = 12608
[LOG] SystemI::createSoundInternal             :     exinfo->numsubsounds       = 1
[LOG] SystemI::createSoundInternal             :     exinfo->inclusionlist      = 000001DAF1C18A70
[LOG] SystemI::createSoundInternal             :     exinfo->inclusionlistnum   = 1
[LOG] SystemI::createSoundInternal             :     exinfo->suggestedsoundtype = 5
[LOG] SystemI::createSoundInternal             :     exinfo->initialseekpostype = 1
[LOG] SystemI::createSoundInternal             :     Stream 0/1: name='Amb_Wind_Outside', format=5, channels=2, frequency=48000, lengthbytes=513760, lengthpcm=1922212, pcmblocksize=0, loopstart=0, loopend=0, mode=0x00000000, channelmask=0x00000000, channelorder=0, peakvolume=0.040802.
[LOG] AsyncThread::threadFunc                  : Finished Asynchronous operation on sound 000001D9E5620E58
[LOG] SoundI::release                          : Amb_Wind_Outside (000001D9E56220E8)
[LOG] SoundI::release                          :     Amb_Wind_Outside (000001D9DA09AB88)
[LOG] SoundI::release                          :     Amb_Wind_Outside (000001D9E561DD68)
[LOG] SoundI::release                          : ambiance_ship_loops_04 (000001D9E5624CC8)
[LOG] SoundI::release                          :     ambiance_ship_loops_04 (000001DAF2134A58)
[LOG] SoundI::release                          :     ambiance_ship_loops_04 (000001D9E5617D38)
[LOG] SoundI::release                          : ambiance_ship_loops_04 (000001D9E56251D8)
[LOG] SoundI::release                          :     ambiance_ship_loops_04 (000001DAF21348B8)
[LOG] SoundI::release                          :     ambiance_ship_loops_04 (000001D9E56194D8)
[LOG] SoundI::release                          : Amb_Wind_Outside (000001D9E5620E58)
[LOG] SoundI::release                          :     Amb_Wind_Outside (000001DAF2134D98)
[LOG] SoundI::release                          :     Amb_Wind_Outside (000001D9E5622298)
[LOG] SoundI::release                          : Amb_Roomtone_Inside (000001D9E561DBB8)
[LOG] SoundI::release                          :     Amb_Roomtone_Inside (000001D9DA094968)
[LOG] SoundI::release                          :     Amb_Roomtone_Inside (000001D9E5622448)
[LOG] SoundI::release                          : Env_Drone (000001D9E5618908)
[LOG] SoundI::release                          :     Env_Drone (000001DAF2134BF8)
[LOG] SoundI::release                          :     Env_Drone (000001D9E561A5B8)
[LOG] SoundI::release                          :  (000001D9E0B89088)
[LOG] SoundI::release                          :     119845__kbnevel__neonlight-highpitch (000001D9E687BBC8)
[LOG] Thread::callback                         : FMOD Studio update thread finished.
[LOG] Thread::callback                         : FMOD Studio bank load thread finished.
[LOG] ProfileClient::markForDead               : Closing client connection
[LOG] Profile::disconnectAll                   : Profiler disconnecting all clients
[LOG] FMOD_OS_Net_Read                         : Interrupted.[LOG] Thread::callback                         : FMOD profiler thread (send) finished.
[LOG] ProfileClient::recvThreadLoopFunction    : Socket disconnected
[LOG] Thread::callback                         : FMOD profiler thread (recv) finished.
[LOG] Thread::callback                         : FMOD Studio sample load thread finished.
[LOG] LiveUpdate::release                      : 
[LOG] LiveUpdate::reset                        : Reset connection (reason Disconnected)
[LOG] Thread::callback                         : FMOD stream thread finished.
[LOG] Thread::callback                         : FMOD mixer thread finished.
[LOG] Profile::disconnectAll                   : Profiler disconnecting all clients
[LOG] SystemI::close                           : Closed.
